{"name": "Проверяем, что по клику на заказ открывается модальное окно с деталями заказа", "status": "broken", "statusDetails": {"message": "selenium.common.exceptions.TimeoutException: Message: \nStacktrace:\nRemoteError@chrome://remote/content/shared/RemoteError.sys.mjs:8:8\nWebDriverError@chrome://remote/content/shared/webdriver/Errors.sys.mjs:193:5\nNoSuchElementError@chrome://remote/content/shared/webdriver/Errors.sys.mjs:511:5\ndom.find/</<@chrome://remote/content/shared/DOM.sys.mjs:136:16", "trace": "self = <tests.test_order_list_page.TestOrderListPage object at 0x000001E0010EF470>, driver = <selenium.webdriver.firefox.webdriver.WebDriver (session=\"1978ed16-28b1-494d-9de4-9a064f2fcb52\")>\n\n    @allure.title('Проверяем, что по клику на заказ открывается модальное окно с деталями заказа')\n    def test_open_modal_window_of_order_by_click_on_first_order_in_list(self, driver):\n        order_list_page = OrderListPage(driver)\n        order_list_page.open_order_list_page()\n>       order_list_page.click_in_first_order_in_list()\n\ntests\\test_order_list_page.py:12: \n_ _ _ _ _ _ _ _ _ _ _ _ _ _ _ _ _ _ _ _ _ _ _ _ _ _ _ _ _ _ _ _ _ _ _ _ _ _ _ _ _ _ _ _ _ _ _ _ _ _ _ _ _ _ _ _ _ _ _ _ _ _ _ _ _ _ _ _ _ _ _ _ _ _ _ _ _ _ _ _ _ _ _ _ _ _ _ _ _ _ _ _ _ _ _ _ _ _ _ _ _ _ _ _ _ _ _ _ _ _ _ _ _ _ _ _ _ _ _ _ _ _ _ _ _ _ _ _ _ _ _ _ _ _ _ _ _ _ _ _ _ _ _ _ _ _ _ _ _ _ _ _ _ _\npages\\order_list_page.py:23: in click_in_first_order_in_list\n    self.click_element(LocatorsOrderListPage.FIRST_ORDER_LIST)\npages\\base_page.py:37: in click_element\n    self.find_and_wait_element(locator).click()\npages\\base_page.py:25: in find_and_wait_element\n    self.wait_for_load_element(locator)\npages\\base_page.py:14: in wait_for_load_element\n    return WebDriverWait(self.driver, 10).until(\n_ _ _ _ _ _ _ _ _ _ _ _ _ _ _ _ _ _ _ _ _ _ _ _ _ _ _ _ _ _ _ _ _ _ _ _ _ _ _ _ _ _ _ _ _ _ _ _ _ _ _ _ _ _ _ _ _ _ _ _ _ _ _ _ _ _ _ _ _ _ _ _ _ _ _ _ _ _ _ _ _ _ _ _ _ _ _ _ _ _ _ _ _ _ _ _ _ _ _ _ _ _ _ _ _ _ _ _ _ _ _ _ _ _ _ _ _ _ _ _ _ _ _ _ _ _ _ _ _ _ _ _ _ _ _ _ _ _ _ _ _ _ _ _ _ _ _ _ _ _ _ _ _ _\n\nself = <selenium.webdriver.support.wait.WebDriverWait (session=\"1978ed16-28b1-494d-9de4-9a064f2fcb52\")>, method = <function visibility_of_element_located.<locals>._predicate at 0x000001E0017FFBA0>, message = ''\n\n    def until(self, method: Callable[[D], Union[Literal[False], T]], message: str = \"\") -> T:\n        \"\"\"Calls the method provided with the driver as an argument until the \\\n        return value does not evaluate to ``False``.\n    \n        :param method: callable(WebDriver)\n        :param message: optional message for :exc:`TimeoutException`\n        :returns: the result of the last call to `method`\n        :raises: :exc:`selenium.common.exceptions.TimeoutException` if timeout occurs\n        \"\"\"\n        screen = None\n        stacktrace = None\n    \n        end_time = time.monotonic() + self._timeout\n        while True:\n            try:\n                value = method(self._driver)\n                if value:\n                    return value\n            except self._ignored_exceptions as exc:\n                screen = getattr(exc, \"screen\", None)\n                stacktrace = getattr(exc, \"stacktrace\", None)\n            time.sleep(self._poll)\n            if time.monotonic() > end_time:\n                break\n>       raise TimeoutException(message, screen, stacktrace)\nE       selenium.common.exceptions.TimeoutException: Message: \nE       Stacktrace:\nE       RemoteError@chrome://remote/content/shared/RemoteError.sys.mjs:8:8\nE       WebDriverError@chrome://remote/content/shared/webdriver/Errors.sys.mjs:193:5\nE       NoSuchElementError@chrome://remote/content/shared/webdriver/Errors.sys.mjs:511:5\nE       dom.find/</<@chrome://remote/content/shared/DOM.sys.mjs:136:16\n\n..\\Diplom_1\\venv\\Lib\\site-packages\\selenium\\webdriver\\support\\wait.py:105: TimeoutException"}, "steps": [{"name": "Открываем страницу \"Лента заказов\"", "status": "passed", "start": 1720011302714, "stop": 1720011302838}, {"name": "Кликаем на первый заказ в списке заказов", "status": "broken", "statusDetails": {"message": "selenium.common.exceptions.TimeoutException: Message: \nStacktrace:\nRemoteError@chrome://remote/content/shared/RemoteError.sys.mjs:8:8\nWebDriverError@chrome://remote/content/shared/webdriver/Errors.sys.mjs:193:5\nNoSuchElementError@chrome://remote/content/shared/webdriver/Errors.sys.mjs:511:5\ndom.find/</<@chrome://remote/content/shared/DOM.sys.mjs:136:16\n\n", "trace": "  File \"C:\\Users\\aruzin\\PycharmProjects\\Diplom_1\\venv\\Lib\\site-packages\\allure_commons\\_allure.py\", line 192, in impl\n    return func(*a, **kw)\n           ^^^^^^^^^^^^^^\n  File \"C:\\Users\\aruzin\\PycharmProjects\\Diplom_3\\pages\\order_list_page.py\", line 23, in click_in_first_order_in_list\n    self.click_element(LocatorsOrderListPage.FIRST_ORDER_LIST)\n  File \"C:\\Users\\aruzin\\PycharmProjects\\Diplom_3\\pages\\base_page.py\", line 37, in click_element\n    self.find_and_wait_element(locator).click()\n    ^^^^^^^^^^^^^^^^^^^^^^^^^^^^^^^^^^^\n  File \"C:\\Users\\aruzin\\PycharmProjects\\Diplom_3\\pages\\base_page.py\", line 25, in find_and_wait_element\n    self.wait_for_load_element(locator)\n  File \"C:\\Users\\aruzin\\PycharmProjects\\Diplom_3\\pages\\base_page.py\", line 14, in wait_for_load_element\n    return WebDriverWait(self.driver, 10).until(\n           ^^^^^^^^^^^^^^^^^^^^^^^^^^^^^^^^^^^^^\n  File \"C:\\Users\\aruzin\\PycharmProjects\\Diplom_1\\venv\\Lib\\site-packages\\selenium\\webdriver\\support\\wait.py\", line 105, in until\n    raise TimeoutException(message, screen, stacktrace)\n"}, "start": 1720011302839, "stop": 1720011312956}], "parameters": [{"name": "driver", "value": "'firefox'"}], "start": 1720011302714, "stop": 1720011312958, "uuid": "d6a57db3-eb7c-42ef-830e-a3e7159eaed7", "historyId": "a0113a58b6900e351e26b976bc6b0334", "testCaseId": "b16894c2d33a9a17266947fc16e7e8ec", "fullName": "tests.test_order_list_page.TestOrderListPage#test_open_modal_window_of_order_by_click_on_first_order_in_list", "labels": [{"name": "parentSuite", "value": "tests"}, {"name": "suite", "value": "test_order_list_page"}, {"name": "subSuite", "value": "TestOrderListPage"}, {"name": "host", "value": "NB-MP25VCCB"}, {"name": "thread", "value": "7852-MainThread"}, {"name": "framework", "value": "pytest"}, {"name": "language", "value": "cpython3"}, {"name": "package", "value": "tests.test_order_list_page"}]}